This file contains any messages produced by compilers while
running configure, to aid debugging if configure makes a mistake.

It was created by configure, which was
generated by GNU Autoconf 2.68.  Invocation command line was

  $ ./configure --no-create --no-recursion

## --------- ##
## Platform. ##
## --------- ##

hostname = ip-10-72-219-174
uname -m = x86_64
uname -r = 3.0.0-14-virtual
uname -s = Linux
uname -v = #23-Ubuntu SMP Mon Nov 21 21:09:11 UTC 2011

/usr/bin/uname -p = unknown
/bin/uname -X     = unknown

/bin/arch              = unknown
/usr/bin/arch -k       = unknown
/usr/convex/getsysinfo = unknown
/usr/bin/hostinfo      = unknown
/bin/machine           = unknown
/usr/bin/oslevel       = unknown
/bin/universe          = unknown

PATH: /usr/local/sbin
PATH: /usr/local/bin
PATH: /usr/sbin
PATH: /usr/bin
PATH: /sbin
PATH: /bin
PATH: /usr/games


## ----------- ##
## Core tests. ##
## ----------- ##

configure:2832: checking for a BSD-compatible install
configure:2900: result: /usr/bin/install -c
configure:2911: checking whether build environment is sane
configure:2948: result: yes
configure:2973: checking for a thread-safe mkdir -p
configure:3012: result: /bin/mkdir -p
configure:3025: checking for gawk
configure:3055: result: no
configure:3025: checking for mawk
configure:3041: found /usr/bin/mawk
configure:3052: result: mawk
configure:3063: checking whether make sets $(MAKE)
configure:3085: result: yes
configure:3317: checking for g++
configure:3333: found /usr/bin/g++
configure:3344: result: g++
configure:3371: checking for C++ compiler version
configure:3380: g++ --version >&5
g++ (Ubuntu/Linaro 4.6.1-9ubuntu3) 4.6.1
Copyright (C) 2011 Free Software Foundation, Inc.
This is free software; see the source for copying conditions.  There is NO
warranty; not even for MERCHANTABILITY or FITNESS FOR A PARTICULAR PURPOSE.

configure:3391: $? = 0
configure:3380: g++ -v >&5
Using built-in specs.
COLLECT_GCC=g++
COLLECT_LTO_WRAPPER=/usr/lib/gcc/x86_64-linux-gnu/4.6.1/lto-wrapper
Target: x86_64-linux-gnu
Configured with: ../src/configure -v --with-pkgversion='Ubuntu/Linaro 4.6.1-9ubuntu3' --with-bugurl=file:///usr/share/doc/gcc-4.6/README.Bugs --enable-languages=c,c++,fortran,objc,obj-c++,go --prefix=/usr --program-suffix=-4.6 --enable-shared --enable-linker-build-id --with-system-zlib --libexecdir=/usr/lib --without-included-gettext --enable-threads=posix --with-gxx-include-dir=/usr/include/c++/4.6 --libdir=/usr/lib --enable-nls --with-sysroot=/ --enable-clocale=gnu --enable-libstdcxx-debug --enable-libstdcxx-time=yes --enable-plugin --enable-objc-gc --disable-werror --with-arch-32=i686 --with-tune=generic --enable-checking=release --build=x86_64-linux-gnu --host=x86_64-linux-gnu --target=x86_64-linux-gnu
Thread model: posix
gcc version 4.6.1 (Ubuntu/Linaro 4.6.1-9ubuntu3) 
configure:3391: $? = 0
configure:3380: g++ -V >&5
g++: error: unrecognized option '-V'
g++: fatal error: no input files
compilation terminated.
configure:3391: $? = 4
configure:3380: g++ -qversion >&5
g++: error: unrecognized option '-qversion'
g++: fatal error: no input files
compilation terminated.
configure:3391: $? = 4
configure:3411: checking whether the C++ compiler works
configure:3433: g++    conftest.cpp  >&5
configure:3437: $? = 0
configure:3485: result: yes
configure:3488: checking for C++ compiler default output file name
configure:3490: result: a.out
configure:3496: checking for suffix of executables
configure:3503: g++ -o conftest    conftest.cpp  >&5
configure:3507: $? = 0
configure:3529: result: 
configure:3551: checking whether we are cross compiling
configure:3559: g++ -o conftest    conftest.cpp  >&5
configure:3563: $? = 0
configure:3570: ./conftest
configure:3574: $? = 0
configure:3589: result: no
configure:3594: checking for suffix of object files
configure:3616: g++ -c   conftest.cpp >&5
configure:3620: $? = 0
configure:3641: result: o
configure:3645: checking whether we are using the GNU C++ compiler
configure:3664: g++ -c   conftest.cpp >&5
configure:3664: $? = 0
configure:3673: result: yes
configure:3682: checking whether g++ accepts -g
configure:3702: g++ -c -g  conftest.cpp >&5
configure:3702: $? = 0
configure:3743: result: yes
configure:3777: checking for style of include used by make
configure:3805: result: GNU
configure:3830: checking dependency style of g++
configure:3921: result: gcc3
configure:3936: checking whether build environment is sane
configure:3973: result: yes
configure:3979: checking build system type
configure:3993: result: x86_64-unknown-linux-gnu
configure:4013: checking host system type
configure:4026: result: x86_64-unknown-linux-gnu
configure:4422: checking for gcc
configure:4438: found /usr/bin/gcc
configure:4449: result: gcc
configure:4678: checking for C compiler version
configure:4687: gcc --version >&5
gcc (Ubuntu/Linaro 4.6.1-9ubuntu3) 4.6.1
Copyright (C) 2011 Free Software Foundation, Inc.
This is free software; see the source for copying conditions.  There is NO
warranty; not even for MERCHANTABILITY or FITNESS FOR A PARTICULAR PURPOSE.

configure:4698: $? = 0
configure:4687: gcc -v >&5
Using built-in specs.
COLLECT_GCC=gcc
COLLECT_LTO_WRAPPER=/usr/lib/gcc/x86_64-linux-gnu/4.6.1/lto-wrapper
Target: x86_64-linux-gnu
Configured with: ../src/configure -v --with-pkgversion='Ubuntu/Linaro 4.6.1-9ubuntu3' --with-bugurl=file:///usr/share/doc/gcc-4.6/README.Bugs --enable-languages=c,c++,fortran,objc,obj-c++,go --prefix=/usr --program-suffix=-4.6 --enable-shared --enable-linker-build-id --with-system-zlib --libexecdir=/usr/lib --without-included-gettext --enable-threads=posix --with-gxx-include-dir=/usr/include/c++/4.6 --libdir=/usr/lib --enable-nls --with-sysroot=/ --enable-clocale=gnu --enable-libstdcxx-debug --enable-libstdcxx-time=yes --enable-plugin --enable-objc-gc --disable-werror --with-arch-32=i686 --with-tune=generic --enable-checking=release --build=x86_64-linux-gnu --host=x86_64-linux-gnu --target=x86_64-linux-gnu
Thread model: posix
gcc version 4.6.1 (Ubuntu/Linaro 4.6.1-9ubuntu3) 
configure:4698: $? = 0
configure:4687: gcc -V >&5
gcc: error: unrecognized option '-V'
gcc: fatal error: no input files
compilation terminated.
configure:4698: $? = 4
configure:4687: gcc -qversion >&5
gcc: error: unrecognized option '-qversion'
gcc: fatal error: no input files
compilation terminated.
configure:4698: $? = 4
configure:4702: checking whether we are using the GNU C compiler
configure:4721: gcc -c   conftest.c >&5
configure:4721: $? = 0
configure:4730: result: yes
configure:4739: checking whether gcc accepts -g
configure:4759: gcc -c -g  conftest.c >&5
configure:4759: $? = 0
configure:4800: result: yes
configure:4817: checking for gcc option to accept ISO C89
configure:4881: gcc  -c -g -O2  conftest.c >&5
configure:4881: $? = 0
configure:4894: result: none needed
configure:4916: checking dependency style of gcc
configure:5007: result: gcc3
configure:5022: checking for a sed that does not truncate output
configure:5086: result: /bin/sed
configure:5104: checking for grep that handles long lines and -e
configure:5162: result: /bin/grep
configure:5167: checking for egrep
configure:5229: result: /bin/grep -E
configure:5234: checking for fgrep
configure:5296: result: /bin/grep -F
configure:5331: checking for ld used by gcc
configure:5398: result: /usr/bin/ld
configure:5405: checking if the linker (/usr/bin/ld) is GNU ld
configure:5420: result: yes
configure:5432: checking for BSD- or MS-compatible name lister (nm)
configure:5481: result: /usr/bin/nm -B
configure:5599: checking the name lister (/usr/bin/nm -B) interface
configure:5606: gcc -c -g -O2  conftest.c >&5
configure:5609: /usr/bin/nm -B "conftest.o"
configure:5612: output
0000000000000000 B some_variable
configure:5619: result: BSD nm
configure:5622: checking whether ln -s works
configure:5626: result: yes
configure:5634: checking the maximum length of command line arguments
configure:5754: result: 3458764513820540925
configure:5771: checking whether the shell understands some XSI constructs
configure:5781: result: yes
configure:5785: checking whether the shell understands "+="
configure:5791: result: yes
configure:5826: checking for /usr/bin/ld option to reload object files
configure:5833: result: -r
configure:5902: checking for objdump
configure:5929: result: objdump
configure:5958: checking how to recognize dependent libraries
configure:6154: result: pass_all
configure:6214: checking for ar
configure:6230: found /usr/bin/ar
configure:6241: result: ar
configure:6319: checking for strip
configure:6335: found /usr/bin/strip
configure:6346: result: strip
configure:6418: checking for ranlib
configure:6434: found /usr/bin/ranlib
configure:6445: result: ranlib
configure:6535: checking command to parse /usr/bin/nm -B output from gcc object
configure:6653: gcc -c -g -O2  conftest.c >&5
configure:6656: $? = 0
configure:6660: /usr/bin/nm -B conftest.o \| sed -n -e 's/^.*[	 ]\([ABCDGIRSTW][ABCDGIRSTW]*\)[	 ][	 ]*\([_A-Za-z][_A-Za-z0-9]*\)$/\1 \2 \2/p' \> conftest.nm
configure:6663: $? = 0
configure:6717: gcc -o conftest -g -O2   conftest.c conftstm.o >&5
configure:6720: $? = 0
configure:6758: result: ok
configure:6854: gcc -c -g -O2  conftest.c >&5
configure:6857: $? = 0
configure:7567: checking how to run the C preprocessor
configure:7598: gcc -E  conftest.c
configure:7598: $? = 0
configure:7612: gcc -E  conftest.c
conftest.c:9:28: fatal error: ac_nonexistent.h: No such file or directory
compilation terminated.
configure:7612: $? = 1
configure: failed program was:
| /* confdefs.h */
| #define PACKAGE_NAME ""
| #define PACKAGE_TARNAME ""
| #define PACKAGE_VERSION ""
| #define PACKAGE_STRING ""
| #define PACKAGE_BUGREPORT ""
| #define PACKAGE_URL ""
| /* end confdefs.h.  */
| #include <ac_nonexistent.h>
configure:7637: result: gcc -E
configure:7657: gcc -E  conftest.c
configure:7657: $? = 0
configure:7671: gcc -E  conftest.c
conftest.c:9:28: fatal error: ac_nonexistent.h: No such file or directory
compilation terminated.
configure:7671: $? = 1
configure: failed program was:
| /* confdefs.h */
| #define PACKAGE_NAME ""
| #define PACKAGE_TARNAME ""
| #define PACKAGE_VERSION ""
| #define PACKAGE_STRING ""
| #define PACKAGE_BUGREPORT ""
| #define PACKAGE_URL ""
| /* end confdefs.h.  */
| #include <ac_nonexistent.h>
configure:7700: checking for ANSI C header files
configure:7720: gcc -c -g -O2  conftest.c >&5
configure:7720: $? = 0
configure:7793: gcc -o conftest -g -O2   conftest.c  >&5
configure:7793: $? = 0
configure:7793: ./conftest
configure:7793: $? = 0
configure:7804: result: yes
configure:7817: checking for sys/types.h
configure:7817: gcc -c -g -O2  conftest.c >&5
configure:7817: $? = 0
configure:7817: result: yes
configure:7817: checking for sys/stat.h
configure:7817: gcc -c -g -O2  conftest.c >&5
configure:7817: $? = 0
configure:7817: result: yes
configure:7817: checking for stdlib.h
configure:7817: gcc -c -g -O2  conftest.c >&5
configure:7817: $? = 0
configure:7817: result: yes
configure:7817: checking for string.h
configure:7817: gcc -c -g -O2  conftest.c >&5
configure:7817: $? = 0
configure:7817: result: yes
configure:7817: checking for memory.h
configure:7817: gcc -c -g -O2  conftest.c >&5
configure:7817: $? = 0
configure:7817: result: yes
configure:7817: checking for strings.h
configure:7817: gcc -c -g -O2  conftest.c >&5
configure:7817: $? = 0
configure:7817: result: yes
configure:7817: checking for inttypes.h
configure:7817: gcc -c -g -O2  conftest.c >&5
configure:7817: $? = 0
configure:7817: result: yes
configure:7817: checking for stdint.h
configure:7817: gcc -c -g -O2  conftest.c >&5
configure:7817: $? = 0
configure:7817: result: yes
configure:7817: checking for unistd.h
configure:7817: gcc -c -g -O2  conftest.c >&5
configure:7817: $? = 0
configure:7817: result: yes
configure:7831: checking for dlfcn.h
configure:7831: gcc -c -g -O2  conftest.c >&5
configure:7831: $? = 0
configure:7831: result: yes
configure:7956: checking for C++ compiler version
configure:7965: g++ --version >&5
g++ (Ubuntu/Linaro 4.6.1-9ubuntu3) 4.6.1
Copyright (C) 2011 Free Software Foundation, Inc.
This is free software; see the source for copying conditions.  There is NO
warranty; not even for MERCHANTABILITY or FITNESS FOR A PARTICULAR PURPOSE.

configure:7976: $? = 0
configure:7965: g++ -v >&5
Using built-in specs.
COLLECT_GCC=g++
COLLECT_LTO_WRAPPER=/usr/lib/gcc/x86_64-linux-gnu/4.6.1/lto-wrapper
Target: x86_64-linux-gnu
Configured with: ../src/configure -v --with-pkgversion='Ubuntu/Linaro 4.6.1-9ubuntu3' --with-bugurl=file:///usr/share/doc/gcc-4.6/README.Bugs --enable-languages=c,c++,fortran,objc,obj-c++,go --prefix=/usr --program-suffix=-4.6 --enable-shared --enable-linker-build-id --with-system-zlib --libexecdir=/usr/lib --without-included-gettext --enable-threads=posix --with-gxx-include-dir=/usr/include/c++/4.6 --libdir=/usr/lib --enable-nls --with-sysroot=/ --enable-clocale=gnu --enable-libstdcxx-debug --enable-libstdcxx-time=yes --enable-plugin --enable-objc-gc --disable-werror --with-arch-32=i686 --with-tune=generic --enable-checking=release --build=x86_64-linux-gnu --host=x86_64-linux-gnu --target=x86_64-linux-gnu
Thread model: posix
gcc version 4.6.1 (Ubuntu/Linaro 4.6.1-9ubuntu3) 
configure:7976: $? = 0
configure:7965: g++ -V >&5
g++: error: unrecognized option '-V'
g++: fatal error: no input files
compilation terminated.
configure:7976: $? = 4
configure:7965: g++ -qversion >&5
g++: error: unrecognized option '-qversion'
g++: fatal error: no input files
compilation terminated.
configure:7976: $? = 4
configure:7980: checking whether we are using the GNU C++ compiler
configure:8008: result: yes
configure:8017: checking whether g++ accepts -g
configure:8078: result: yes
configure:8103: checking dependency style of g++
configure:8194: result: gcc3
configure:8217: checking how to run the C++ preprocessor
configure:8244: g++ -E  conftest.cpp
configure:8244: $? = 0
configure:8258: g++ -E  conftest.cpp
conftest.cpp:20:28: fatal error: ac_nonexistent.h: No such file or directory
compilation terminated.
configure:8258: $? = 1
configure: failed program was:
| /* confdefs.h */
| #define PACKAGE_NAME ""
| #define PACKAGE_TARNAME ""
| #define PACKAGE_VERSION ""
| #define PACKAGE_STRING ""
| #define PACKAGE_BUGREPORT ""
| #define PACKAGE_URL ""
| #define STDC_HEADERS 1
| #define HAVE_SYS_TYPES_H 1
| #define HAVE_SYS_STAT_H 1
| #define HAVE_STDLIB_H 1
| #define HAVE_STRING_H 1
| #define HAVE_MEMORY_H 1
| #define HAVE_STRINGS_H 1
| #define HAVE_INTTYPES_H 1
| #define HAVE_STDINT_H 1
| #define HAVE_UNISTD_H 1
| #define HAVE_DLFCN_H 1
| /* end confdefs.h.  */
| #include <ac_nonexistent.h>
configure:8283: result: g++ -E
configure:8303: g++ -E  conftest.cpp
configure:8303: $? = 0
configure:8317: g++ -E  conftest.cpp
conftest.cpp:20:28: fatal error: ac_nonexistent.h: No such file or directory
compilation terminated.
configure:8317: $? = 1
configure: failed program was:
| /* confdefs.h */
| #define PACKAGE_NAME ""
| #define PACKAGE_TARNAME ""
| #define PACKAGE_VERSION ""
| #define PACKAGE_STRING ""
| #define PACKAGE_BUGREPORT ""
| #define PACKAGE_URL ""
| #define STDC_HEADERS 1
| #define HAVE_SYS_TYPES_H 1
| #define HAVE_SYS_STAT_H 1
| #define HAVE_STDLIB_H 1
| #define HAVE_STRING_H 1
| #define HAVE_MEMORY_H 1
| #define HAVE_STRINGS_H 1
| #define HAVE_INTTYPES_H 1
| #define HAVE_STDINT_H 1
| #define HAVE_UNISTD_H 1
| #define HAVE_DLFCN_H 1
| /* end confdefs.h.  */
| #include <ac_nonexistent.h>
configure:8521: checking for objdir
configure:8536: result: .libs
configure:8828: checking if gcc supports -fno-rtti -fno-exceptions
configure:8846: gcc -c -g -O2  -fno-rtti -fno-exceptions conftest.c >&5
cc1: warning: command line option '-fno-rtti' is valid for C++/ObjC++ but not for C [enabled by default]
configure:8850: $? = 0
configure:8863: result: no
configure:8883: checking for gcc option to produce PIC
configure:9155: result: -fPIC -DPIC
configure:9167: checking if gcc PIC flag -fPIC -DPIC works
configure:9185: gcc -c -g -O2  -fPIC -DPIC -DPIC conftest.c >&5
configure:9189: $? = 0
configure:9202: result: yes
configure:9226: checking if gcc static flag -static works
configure:9254: result: yes
configure:9269: checking if gcc supports -c -o file.o
configure:9290: gcc -c -g -O2  -o out/conftest2.o conftest.c >&5
configure:9294: $? = 0
configure:9316: result: yes
configure:9324: checking if gcc supports -c -o file.o
configure:9371: result: yes
configure:9404: checking whether the gcc linker (/usr/bin/ld -m elf_x86_64) supports shared libraries
configure:10390: result: yes
configure:10427: checking whether -lc should be explicitly linked in
configure:10432: gcc -c -g -O2  conftest.c >&5
configure:10435: $? = 0
configure:10450: gcc -shared conftest.o  -v -Wl,-soname -Wl,conftest -o conftest 2\>\&1 \| /bin/grep  -lc  \>/dev/null 2\>\&1
configure:10453: $? = 0
configure:10465: result: no
configure:10629: checking dynamic linker characteristics
configure:11062: gcc -o conftest -g -O2   -Wl,-rpath -Wl,/foo conftest.c  >&5
configure:11062: $? = 0
configure:11280: result: GNU/Linux ld.so
configure:11382: checking how to hardcode library paths into programs
configure:11407: result: immediate
configure:11927: checking whether stripping libraries is possible
configure:11932: result: yes
configure:11967: checking if libtool supports shared libraries
configure:11969: result: yes
configure:11972: checking whether to build shared libraries
configure:11993: result: yes
configure:11996: checking whether to build static libraries
configure:12000: result: yes
configure:12150: checking for ld used by g++
configure:12217: result: /usr/bin/ld -m elf_x86_64
configure:12224: checking if the linker (/usr/bin/ld -m elf_x86_64) is GNU ld
configure:12239: result: yes
configure:12294: checking whether the g++ linker (/usr/bin/ld -m elf_x86_64) supports shared libraries
configure:13207: result: yes
configure:13235: g++ -c -g -O2  conftest.cpp >&5
configure:13238: $? = 0
configure:13420: checking for g++ option to produce PIC
configure:13737: result: -fPIC -DPIC
configure:13746: checking if g++ PIC flag -fPIC -DPIC works
configure:13764: g++ -c -g -O2  -fPIC -DPIC -DPIC conftest.cpp >&5
configure:13768: $? = 0
configure:13781: result: yes
configure:13802: checking if g++ static flag -static works
configure:13830: result: yes
configure:13842: checking if g++ supports -c -o file.o
configure:13863: g++ -c -g -O2  -o out/conftest2.o conftest.cpp >&5
configure:13867: $? = 0
configure:13889: result: yes
configure:13894: checking if g++ supports -c -o file.o
configure:13941: result: yes
configure:13971: checking whether the g++ linker (/usr/bin/ld -m elf_x86_64) supports shared libraries
configure:13997: result: yes
configure:14134: checking dynamic linker characteristics
configure:14515: g++ -o conftest -g -O2   -Wl,-rpath -Wl,/foo conftest.cpp  >&5
configure:14515: $? = 0
configure:14733: result: GNU/Linux ld.so
configure:14784: checking how to hardcode library paths into programs
configure:14809: result: immediate
configure:14874: checking for special C compiler options needed for large files
configure:14919: result: no
configure:14925: checking for _FILE_OFFSET_BITS value needed for large files
configure:14950: gcc -c -g -O2  conftest.c >&5
configure:14950: $? = 0
configure:14982: result: no
configure:15098: checking for ANSI C header files
configure:15202: result: yes
configure:15210: checking for stdbool.h that conforms to C99
configure:15277: gcc -c -g -O2  conftest.c >&5
configure:15277: $? = 0
configure:15284: result: yes
configure:15286: checking for _Bool
configure:15286: gcc -c -g -O2  conftest.c >&5
configure:15286: $? = 0
configure:15286: gcc -c -g -O2  conftest.c >&5
conftest.c: In function 'main':
conftest.c:58:20: error: expected expression before ')' token
configure:15286: $? = 1
configure: failed program was:
| /* confdefs.h */
| #define PACKAGE_NAME ""
| #define PACKAGE_TARNAME ""
| #define PACKAGE_VERSION ""
| #define PACKAGE_STRING ""
| #define PACKAGE_BUGREPORT ""
| #define PACKAGE_URL ""
| #define STDC_HEADERS 1
| #define HAVE_SYS_TYPES_H 1
| #define HAVE_SYS_STAT_H 1
| #define HAVE_STDLIB_H 1
| #define HAVE_STRING_H 1
| #define HAVE_MEMORY_H 1
| #define HAVE_STRINGS_H 1
| #define HAVE_INTTYPES_H 1
| #define HAVE_STDINT_H 1
| #define HAVE_UNISTD_H 1
| #define HAVE_DLFCN_H 1
| #define LT_OBJDIR ".libs/"
| #define STDC_HEADERS 1
| /* end confdefs.h.  */
| #include <stdio.h>
| #ifdef HAVE_SYS_TYPES_H
| # include <sys/types.h>
| #endif
| #ifdef HAVE_SYS_STAT_H
| # include <sys/stat.h>
| #endif
| #ifdef STDC_HEADERS
| # include <stdlib.h>
| # include <stddef.h>
| #else
| # ifdef HAVE_STDLIB_H
| #  include <stdlib.h>
| # endif
| #endif
| #ifdef HAVE_STRING_H
| # if !defined STDC_HEADERS && defined HAVE_MEMORY_H
| #  include <memory.h>
| # endif
| # include <string.h>
| #endif
| #ifdef HAVE_STRINGS_H
| # include <strings.h>
| #endif
| #ifdef HAVE_INTTYPES_H
| # include <inttypes.h>
| #endif
| #ifdef HAVE_STDINT_H
| # include <stdint.h>
| #endif
| #ifdef HAVE_UNISTD_H
| # include <unistd.h>
| #endif
| int
| main ()
| {
| if (sizeof ((_Bool)))
| 	    return 0;
|   ;
|   return 0;
| }
configure:15286: result: yes
configure:15310: checking streambuf usability
configure:15310: g++ -c -g -O2  conftest.cpp >&5
configure:15310: $? = 0
configure:15310: result: yes
configure:15310: checking streambuf presence
configure:15310: g++ -E  conftest.cpp
configure:15310: $? = 0
configure:15310: result: yes
configure:15310: checking for streambuf
configure:15310: result: yes
configure:15326: checking for stdint types
configure:15349: gcc -c   conftest.c >&5
configure:15349: $? = 0
configure:15393: result: stdint.h (shortcircuit)
configure:15780: result: make use of stdint.h in libdirac_common/dirac-stdint.h (assuming C99 compatible system)
configure:15791: checking for doxygen
configure:15819: result: false
configure:15828: WARNING: *** doxygen not found, code documentation will not be built
configure:15842: checking for dot
configure:15870: result: false
configure:15879: WARNING: *** dot not found, inheritance diagrams will not be generated in code documentation
configure:15893: checking for latex
configure:15921: result: false
configure:15930: WARNING: *** latex not found, algorithm documentation will not be built
configure:15944: checking for dvipdfm
configure:15972: result: false
configure:15981: WARNING: *** dvipdfm not found, programmer documentation will not be built
configure:16023: checking whether gprof flags are to be used when compiling
configure:16044: result: no
configure:16060: checking if g++ supports  -g -g -O2 flags
configure:16075: g++ -c  -g -g -O2  conftest.cpp >&5
configure:16075: $? = 0
configure:16082: result: yes
configure:16090: checking if g++ supports  -g -pedantic -g -O2 flags
configure:16105: g++ -c  -g -pedantic -g -O2  conftest.cpp >&5
configure:16105: $? = 0
configure:16112: result: yes
configure:16120: checking if g++ supports  -g -pedantic -Wall -g -O2 flags
configure:16135: g++ -c  -g -pedantic -Wall -g -O2  conftest.cpp >&5
configure:16135: $? = 0
configure:16142: result: yes
configure:16150: checking if g++ supports  -g -pedantic -Wall -W -g -O2 flags
configure:16165: g++ -c  -g -pedantic -Wall -W -g -O2  conftest.cpp >&5
configure:16165: $? = 0
configure:16172: result: yes
configure:16180: checking if g++ supports  -g -pedantic -Wall -W -Woverloaded-virtual -g -O2 flags
configure:16195: g++ -c  -g -pedantic -Wall -W -Woverloaded-virtual -g -O2  conftest.cpp >&5
configure:16195: $? = 0
configure:16202: result: yes
configure:16212: checking if g++ supports  -g -pedantic -Wall -W -Woverloaded-virtual -Wextra -g -O2 flags
configure:16227: g++ -c  -g -pedantic -Wall -W -Woverloaded-virtual -Wextra -g -O2  conftest.cpp >&5
configure:16227: $? = 0
configure:16234: result: yes
configure:16247: checking whether extra debug flags are to be used when compiling
configure:16317: result: no
configure:16323: checking if g++ supports -O3  -g -pedantic -Wall -W -Woverloaded-virtual -Wextra -g -O2 flags
configure:16338: g++ -c -O3  -g -pedantic -Wall -W -Woverloaded-virtual -Wextra -g -O2  conftest.cpp >&5
configure:16338: $? = 0
configure:16345: result: yes
configure:16353: checking if g++ supports -O3 -Wuninitialized  -g -pedantic -Wall -W -Woverloaded-virtual -Wextra -g -O2 flags
configure:16368: g++ -c -O3 -Wuninitialized  -g -pedantic -Wall -W -Woverloaded-virtual -Wextra -g -O2  conftest.cpp >&5
configure:16368: $? = 0
configure:16375: result: yes
configure:16389: checking if g++ supports -O3 -Wuninitialized  -g -pedantic -Wall -W -Woverloaded-virtual -Wextra -g -O2 flags
configure:16404: g++ -c -O3 -Wuninitialized  -g -pedantic -Wall -W -Woverloaded-virtual -Wextra -g -O2  conftest.cpp >&5
configure:16404: $? = 0
configure:16411: result: yes
configure:16427: checking if g++ supports -O3 -Wuninitialized -fexpensive-optimizations  -g -pedantic -Wall -W -Woverloaded-virtual -Wextra -g -O2 flags
configure:16442: g++ -c -O3 -Wuninitialized -fexpensive-optimizations  -g -pedantic -Wall -W -Woverloaded-virtual -Wextra -g -O2  conftest.cpp >&5
configure:16442: $? = 0
configure:16449: result: yes
configure:16457: checking if g++ supports -O3 -Wuninitialized -fexpensive-optimizations -frerun-cse-after-loop  -g -pedantic -Wall -W -Woverloaded-virtual -Wextra -g -O2 flags
configure:16472: g++ -c -O3 -Wuninitialized -fexpensive-optimizations -frerun-cse-after-loop  -g -pedantic -Wall -W -Woverloaded-virtual -Wextra -g -O2  conftest.cpp >&5
configure:16472: $? = 0
configure:16479: result: yes
configure:16487: checking if g++ supports -O3 -Wuninitialized -fexpensive-optimizations -frerun-cse-after-loop -frerun-loop-opt  -g -pedantic -Wall -W -Woverloaded-virtual -Wextra -g -O2 flags
configure:16502: g++ -c -O3 -Wuninitialized -fexpensive-optimizations -frerun-cse-after-loop -frerun-loop-opt  -g -pedantic -Wall -W -Woverloaded-virtual -Wextra -g -O2  conftest.cpp >&5
configure:16502: $? = 0
configure:16509: result: yes
configure:16517: checking if g++ supports -O3 -Wuninitialized -fexpensive-optimizations -frerun-cse-after-loop -frerun-loop-opt -fomit-frame-pointer  -g -pedantic -Wall -W -Woverloaded-virtual -Wextra -g -O2 flags
configure:16532: g++ -c -O3 -Wuninitialized -fexpensive-optimizations -frerun-cse-after-loop -frerun-loop-opt -fomit-frame-pointer  -g -pedantic -Wall -W -Woverloaded-virtual -Wextra -g -O2  conftest.cpp >&5
configure:16532: $? = 0
configure:16539: result: yes
configure:16547: checking if g++ supports -O3 -Wuninitialized -fexpensive-optimizations -frerun-cse-after-loop -frerun-loop-opt -fomit-frame-pointer -minline-all-stringops  -g -pedantic -Wall -W -Woverloaded-virtual -Wextra -g -O2 flags
configure:16562: g++ -c -O3 -Wuninitialized -fexpensive-optimizations -frerun-cse-after-loop -frerun-loop-opt -fomit-frame-pointer -minline-all-stringops  -g -pedantic -Wall -W -Woverloaded-virtual -Wextra -g -O2  conftest.cpp >&5
configure:16562: $? = 0
configure:16569: result: yes
configure:16577: checking if g++ supports -O3 -Wuninitialized -fexpensive-optimizations -frerun-cse-after-loop -frerun-loop-opt -fomit-frame-pointer -minline-all-stringops -fschedule-insns2  -g -pedantic -Wall -W -Woverloaded-virtual -Wextra -g -O2 flags
configure:16592: g++ -c -O3 -Wuninitialized -fexpensive-optimizations -frerun-cse-after-loop -frerun-loop-opt -fomit-frame-pointer -minline-all-stringops -fschedule-insns2  -g -pedantic -Wall -W -Woverloaded-virtual -Wextra -g -O2  conftest.cpp >&5
configure:16592: $? = 0
configure:16599: result: yes
configure:16607: checking if g++ supports -O3 -Wuninitialized -fexpensive-optimizations -frerun-cse-after-loop -frerun-loop-opt -fomit-frame-pointer -minline-all-stringops -fschedule-insns2 -falign-functions=4  -g -pedantic -Wall -W -Woverloaded-virtual -Wextra -g -O2 flags
configure:16622: g++ -c -O3 -Wuninitialized -fexpensive-optimizations -frerun-cse-after-loop -frerun-loop-opt -fomit-frame-pointer -minline-all-stringops -fschedule-insns2 -falign-functions=4  -g -pedantic -Wall -W -Woverloaded-virtual -Wextra -g -O2  conftest.cpp >&5
configure:16622: $? = 0
configure:16629: result: yes
configure:16637: checking if g++ supports -O3 -Wuninitialized -fexpensive-optimizations -frerun-cse-after-loop -frerun-loop-opt -fomit-frame-pointer -minline-all-stringops -fschedule-insns2 -falign-functions=4 -fforce-addr  -g -pedantic -Wall -W -Woverloaded-virtual -Wextra -g -O2 flags
configure:16652: g++ -c -O3 -Wuninitialized -fexpensive-optimizations -frerun-cse-after-loop -frerun-loop-opt -fomit-frame-pointer -minline-all-stringops -fschedule-insns2 -falign-functions=4 -fforce-addr  -g -pedantic -Wall -W -Woverloaded-virtual -Wextra -g -O2  conftest.cpp >&5
configure:16652: $? = 0
configure:16659: result: yes
configure:16667: checking if g++ supports -O3 -Wuninitialized -fexpensive-optimizations -frerun-cse-after-loop -frerun-loop-opt -fomit-frame-pointer -minline-all-stringops -fschedule-insns2 -falign-functions=4 -fforce-addr -pipe  -g -pedantic -Wall -W -Woverloaded-virtual -Wextra -g -O2 flags
configure:16682: g++ -c -O3 -Wuninitialized -fexpensive-optimizations -frerun-cse-after-loop -frerun-loop-opt -fomit-frame-pointer -minline-all-stringops -fschedule-insns2 -falign-functions=4 -fforce-addr -pipe  -g -pedantic -Wall -W -Woverloaded-virtual -Wextra -g -O2  conftest.cpp >&5
configure:16682: $? = 0
configure:16689: result: yes
configure:16713: checking whether optimizations using MMX instructions are enabled
configure:16733: checking if g++ supports -mmmx -O3 -Wuninitialized -fexpensive-optimizations -frerun-cse-after-loop -frerun-loop-opt -fomit-frame-pointer -minline-all-stringops -fschedule-insns2 -falign-functions=4 -fforce-addr -pipe  -g -pedantic -Wall -W -Woverloaded-virtual -Wextra -g -O2 flags
configure:16748: g++ -c -mmmx -O3 -Wuninitialized -fexpensive-optimizations -frerun-cse-after-loop -frerun-loop-opt -fomit-frame-pointer -minline-all-stringops -fschedule-insns2 -falign-functions=4 -fforce-addr -pipe  -g -pedantic -Wall -W -Woverloaded-virtual -Wextra -g -O2  conftest.cpp >&5
configure:16748: $? = 0
configure:16755: result: yes
configure:16810: checking cppunit/TestRunner.h usability
configure:16810: g++ -c -O3 -Wuninitialized -fexpensive-optimizations -frerun-cse-after-loop -frerun-loop-opt -fomit-frame-pointer -minline-all-stringops -fschedule-insns2 -falign-functions=4 -fforce-addr -pipe  -g -pedantic -Wall -W -Woverloaded-virtual -Wextra -g -O2 -mmmx -DHAVE_MMX  conftest.cpp >&5
conftest.cpp:57:32: fatal error: cppunit/TestRunner.h: No such file or directory
compilation terminated.
configure:16810: $? = 1
configure: failed program was:
| /* confdefs.h */
| #define PACKAGE_NAME ""
| #define PACKAGE_TARNAME ""
| #define PACKAGE_VERSION ""
| #define PACKAGE_STRING ""
| #define PACKAGE_BUGREPORT ""
| #define PACKAGE_URL ""
| #define STDC_HEADERS 1
| #define HAVE_SYS_TYPES_H 1
| #define HAVE_SYS_STAT_H 1
| #define HAVE_STDLIB_H 1
| #define HAVE_STRING_H 1
| #define HAVE_MEMORY_H 1
| #define HAVE_STRINGS_H 1
| #define HAVE_INTTYPES_H 1
| #define HAVE_STDINT_H 1
| #define HAVE_UNISTD_H 1
| #define HAVE_DLFCN_H 1
| #define LT_OBJDIR ".libs/"
| #define STDC_HEADERS 1
| #define HAVE__BOOL 1
| #define HAVE_STDBOOL_H 1
| /* end confdefs.h.  */
| #include <stdio.h>
| #ifdef HAVE_SYS_TYPES_H
| # include <sys/types.h>
| #endif
| #ifdef HAVE_SYS_STAT_H
| # include <sys/stat.h>
| #endif
| #ifdef STDC_HEADERS
| # include <stdlib.h>
| # include <stddef.h>
| #else
| # ifdef HAVE_STDLIB_H
| #  include <stdlib.h>
| # endif
| #endif
| #ifdef HAVE_STRING_H
| # if !defined STDC_HEADERS && defined HAVE_MEMORY_H
| #  include <memory.h>
| # endif
| # include <string.h>
| #endif
| #ifdef HAVE_STRINGS_H
| # include <strings.h>
| #endif
| #ifdef HAVE_INTTYPES_H
| # include <inttypes.h>
| #endif
| #ifdef HAVE_STDINT_H
| # include <stdint.h>
| #endif
| #ifdef HAVE_UNISTD_H
| # include <unistd.h>
| #endif
| #include <cppunit/TestRunner.h>
configure:16810: result: no
configure:16810: checking cppunit/TestRunner.h presence
configure:16810: g++ -E  conftest.cpp
conftest.cpp:24:32: fatal error: cppunit/TestRunner.h: No such file or directory
compilation terminated.
configure:16810: $? = 1
configure: failed program was:
| /* confdefs.h */
| #define PACKAGE_NAME ""
| #define PACKAGE_TARNAME ""
| #define PACKAGE_VERSION ""
| #define PACKAGE_STRING ""
| #define PACKAGE_BUGREPORT ""
| #define PACKAGE_URL ""
| #define STDC_HEADERS 1
| #define HAVE_SYS_TYPES_H 1
| #define HAVE_SYS_STAT_H 1
| #define HAVE_STDLIB_H 1
| #define HAVE_STRING_H 1
| #define HAVE_MEMORY_H 1
| #define HAVE_STRINGS_H 1
| #define HAVE_INTTYPES_H 1
| #define HAVE_STDINT_H 1
| #define HAVE_UNISTD_H 1
| #define HAVE_DLFCN_H 1
| #define LT_OBJDIR ".libs/"
| #define STDC_HEADERS 1
| #define HAVE__BOOL 1
| #define HAVE_STDBOOL_H 1
| /* end confdefs.h.  */
| #include <cppunit/TestRunner.h>
configure:16810: result: no
configure:16810: checking for cppunit/TestRunner.h
configure:16810: result: no
configure:16890: checking for valgrind
configure:16920: result: no
configure:16941: checking whether we need to link math lib
configure:16954: g++ -o conftest -O3 -Wuninitialized -fexpensive-optimizations -frerun-cse-after-loop -frerun-loop-opt -fomit-frame-pointer -minline-all-stringops -fschedule-insns2 -falign-functions=4 -fforce-addr -pipe  -g -pedantic -Wall -W -Woverloaded-virtual -Wextra -g -O2 -mmmx -DHAVE_MMX   conftest.cpp  >&5
conftest.cpp: In function 'int main()':
conftest.cpp:28:8: warning: unused variable 'lw' [-Wunused-variable]
configure:16954: $? = 0
configure:16955: result: no
configure:17170: creating ./config.status

## ---------------- ##
## Cache variables. ##
## ---------------- ##

ac_cv_build=x86_64-unknown-linux-gnu
ac_cv_c_compiler_gnu=yes
ac_cv_cxx_compiler_gnu=yes
ac_cv_env_CCC_set=
ac_cv_env_CCC_value=
ac_cv_env_CC_set=
ac_cv_env_CC_value=
ac_cv_env_CFLAGS_set=
ac_cv_env_CFLAGS_value=
ac_cv_env_CPPFLAGS_set=
ac_cv_env_CPPFLAGS_value=
ac_cv_env_CPP_set=
ac_cv_env_CPP_value=
ac_cv_env_CXXCPP_set=
ac_cv_env_CXXCPP_value=
ac_cv_env_CXXFLAGS_set=
ac_cv_env_CXXFLAGS_value=
ac_cv_env_CXX_set=
ac_cv_env_CXX_value=
ac_cv_env_LDFLAGS_set=
ac_cv_env_LDFLAGS_value=
ac_cv_env_LIBS_set=
ac_cv_env_LIBS_value=
ac_cv_env_build_alias_set=
ac_cv_env_build_alias_value=
ac_cv_env_host_alias_set=
ac_cv_env_host_alias_value=
ac_cv_env_target_alias_set=
ac_cv_env_target_alias_value=
ac_cv_header_cppunit_TestRunner_h=no
ac_cv_header_dlfcn_h=yes
ac_cv_header_inttypes_h=yes
ac_cv_header_memory_h=yes
ac_cv_header_stdbool_h=yes
ac_cv_header_stdc=yes
ac_cv_header_stdint=stdint.h
ac_cv_header_stdint_h=yes
ac_cv_header_stdint_t=stdint.h
ac_cv_header_stdlib_h=yes
ac_cv_header_streambuf=yes
ac_cv_header_string_h=yes
ac_cv_header_strings_h=yes
ac_cv_header_sys_stat_h=yes
ac_cv_header_sys_types_h=yes
ac_cv_header_unistd_h=yes
ac_cv_host=x86_64-unknown-linux-gnu
ac_cv_objext=o
ac_cv_path_EGREP='/bin/grep -E'
ac_cv_path_FGREP='/bin/grep -F'
ac_cv_path_GREP=/bin/grep
ac_cv_path_SED=/bin/sed
ac_cv_path_install='/usr/bin/install -c'
ac_cv_path_mkdir=/bin/mkdir
ac_cv_prog_AWK=mawk
ac_cv_prog_CPP='gcc -E'
ac_cv_prog_CXXCPP='g++ -E'
ac_cv_prog_HAVE_DOT=false
ac_cv_prog_HAVE_DOXYGEN=false
ac_cv_prog_HAVE_DVIPDFM=false
ac_cv_prog_HAVE_LATEX=false
ac_cv_prog_ac_ct_AR=ar
ac_cv_prog_ac_ct_CC=gcc
ac_cv_prog_ac_ct_CXX=g++
ac_cv_prog_ac_ct_OBJDUMP=objdump
ac_cv_prog_ac_ct_RANLIB=ranlib
ac_cv_prog_ac_ct_STRIP=strip
ac_cv_prog_cc_c89=
ac_cv_prog_cc_g=yes
ac_cv_prog_cxx_g=yes
ac_cv_prog_make_make_set=yes
ac_cv_stdint_message='using gnu compiler gcc (Ubuntu/Linaro 4.6.1-9ubuntu3) 4.6.1'
ac_cv_stdint_result='(assuming C99 compatible system)'
ac_cv_sys_file_offset_bits=no
ac_cv_sys_largefile_CC=no
ac_cv_try_cxxflags_ok=yes
ac_cv_type__Bool=yes
am_cv_CC_dependencies_compiler_type=gcc3
am_cv_CXX_dependencies_compiler_type=gcc3
lt_cv_deplibs_check_method=pass_all
lt_cv_file_magic_cmd='$MAGIC_CMD'
lt_cv_file_magic_test_file=
lt_cv_ld_reload_flag=-r
lt_cv_nm_interface='BSD nm'
lt_cv_objdir=.libs
lt_cv_path_LD=/usr/bin/ld
lt_cv_path_LDCXX='/usr/bin/ld -m elf_x86_64'
lt_cv_path_NM='/usr/bin/nm -B'
lt_cv_prog_compiler_c_o=yes
lt_cv_prog_compiler_c_o_CXX=yes
lt_cv_prog_compiler_pic_works=yes
lt_cv_prog_compiler_pic_works_CXX=yes
lt_cv_prog_compiler_rtti_exceptions=no
lt_cv_prog_compiler_static_works=yes
lt_cv_prog_compiler_static_works_CXX=yes
lt_cv_prog_gnu_ld=yes
lt_cv_prog_gnu_ldcxx=yes
lt_cv_sys_global_symbol_pipe='sed -n -e '\''s/^.*[	 ]\([ABCDGIRSTW][ABCDGIRSTW]*\)[	 ][	 ]*\([_A-Za-z][_A-Za-z0-9]*\)$/\1 \2 \2/p'\'''
lt_cv_sys_global_symbol_to_c_name_address='sed -n -e '\''s/^: \([^ ]*\) $/  {\"\1\", (void *) 0},/p'\'' -e '\''s/^[ABCDGIRSTW]* \([^ ]*\) \([^ ]*\)$/  {"\2", (void *) \&\2},/p'\'''
lt_cv_sys_global_symbol_to_c_name_address_lib_prefix='sed -n -e '\''s/^: \([^ ]*\) $/  {\"\1\", (void *) 0},/p'\'' -e '\''s/^[ABCDGIRSTW]* \([^ ]*\) \(lib[^ ]*\)$/  {"\2", (void *) \&\2},/p'\'' -e '\''s/^[ABCDGIRSTW]* \([^ ]*\) \([^ ]*\)$/  {"lib\2", (void *) \&\2},/p'\'''
lt_cv_sys_global_symbol_to_cdecl='sed -n -e '\''s/^T .* \(.*\)$/extern int \1();/p'\'' -e '\''s/^[ABCDGIRSTW]* .* \(.*\)$/extern char \1;/p'\'''
lt_cv_sys_max_cmd_len=3458764513820540925

## ----------------- ##
## Output variables. ##
## ----------------- ##

ACLOCAL='${SHELL} /home/ubuntu/dirac-1.0.2/missing --run aclocal-1.10'
AMDEPBACKSLASH='\'
AMDEP_FALSE='#'
AMDEP_TRUE=''
AMTAR='${SHELL} /home/ubuntu/dirac-1.0.2/missing --run tar'
AR='ar'
AS='as'
AUTOCONF='${SHELL} /home/ubuntu/dirac-1.0.2/missing --run autoconf'
AUTOHEADER='${SHELL} /home/ubuntu/dirac-1.0.2/missing --run autoheader'
AUTOM4TE='${SHELL} /home/ubuntu/dirac-1.0.2/missing --run autom4te'
AUTOMAKE='${SHELL} /home/ubuntu/dirac-1.0.2/missing --run automake-1.10'
AWK='mawk'
CC='gcc'
CCDEPMODE='depmode=gcc3'
CFLAGS='-g -O2'
CONFIG_MATH_LIB=''
CPP='gcc -E'
CPPFLAGS=''
CXX='g++'
CXXCPP='g++ -E'
CXXDEPMODE='depmode=gcc3'
CXXFLAGS='-O3 -Wuninitialized -fexpensive-optimizations -frerun-cse-after-loop -frerun-loop-opt -fomit-frame-pointer -minline-all-stringops -fschedule-insns2 -falign-functions=4 -fforce-addr -pipe  -g -pedantic -Wall -W -Woverloaded-virtual -Wextra -g -O2 -mmmx -DHAVE_MMX'
CYGPATH_W='echo'
DEFS='-DPACKAGE_NAME=\"\" -DPACKAGE_TARNAME=\"\" -DPACKAGE_VERSION=\"\" -DPACKAGE_STRING=\"\" -DPACKAGE_BUGREPORT=\"\" -DPACKAGE_URL=\"\" -DSTDC_HEADERS=1 -DHAVE_SYS_TYPES_H=1 -DHAVE_SYS_STAT_H=1 -DHAVE_STDLIB_H=1 -DHAVE_STRING_H=1 -DHAVE_MEMORY_H=1 -DHAVE_STRINGS_H=1 -DHAVE_INTTYPES_H=1 -DHAVE_STDINT_H=1 -DHAVE_UNISTD_H=1 -DHAVE_DLFCN_H=1 -DLT_OBJDIR=\".libs/\" -DSTDC_HEADERS=1 -DHAVE__BOOL=1 -DHAVE_STDBOOL_H=1'
DEPDIR='.deps'
DLLTOOL='dlltool'
DSYMUTIL=''
DUMPBIN=''
ECHO_C=''
ECHO_N='-n'
ECHO_T=''
EGREP='/bin/grep -E'
EXEEXT=''
FGREP='/bin/grep -F'
GENERIC_LIBRARY_NAME='dirac'
GENERIC_LIBRARY_VERSION='1:0:1'
GENERIC_RELEASE='1.0'
GENERIC_VERSION='1.0.2'
GREP='/bin/grep'
HAVE_CPPUNIT_FALSE=''
HAVE_CPPUNIT_TRUE='#'
HAVE_DOT='false'
HAVE_DOT_FALSE=''
HAVE_DOT_TRUE='#'
HAVE_DOXYGEN='false'
HAVE_DOXYGEN_FALSE=''
HAVE_DOXYGEN_TRUE='#'
HAVE_DVIPDFM='false'
HAVE_DVIPDFM_FALSE=''
HAVE_DVIPDFM_TRUE='#'
HAVE_LATEX='false'
HAVE_LATEX_FALSE=''
HAVE_LATEX_TRUE='#'
INSTALL_DATA='${INSTALL} -m 644'
INSTALL_PROGRAM='${INSTALL}'
INSTALL_SCRIPT='${INSTALL}'
INSTALL_STRIP_PROGRAM='$(install_sh) -c -s'
LD='/usr/bin/ld -m elf_x86_64'
LDFLAGS=''
LIBEXT=''
LIBFLAGS=''
LIBOBJS=''
LIBS=''
LIBTOOL='$(SHELL) $(top_builddir)/libtool'
LIPO=''
LN_S='ln -s'
LTLIBOBJS=''
MAKEINFO='${SHELL} /home/ubuntu/dirac-1.0.2/missing --run makeinfo'
MKDIR_P='/bin/mkdir -p'
NM='/usr/bin/nm -B'
NMEDIT=''
OBJDUMP='objdump'
OBJEXT='o'
OTOOL64=''
OTOOL=''
OVERLAY_FALSE=''
OVERLAY_TRUE='#'
PACKAGE='dirac'
PACKAGE_BUGREPORT=''
PACKAGE_NAME=''
PACKAGE_STRING=''
PACKAGE_TARNAME=''
PACKAGE_URL=''
PACKAGE_VERSION=''
PATH_SEPARATOR=':'
RANLIB='ranlib'
SED='/bin/sed'
SET_MAKE=''
SHELL='/bin/bash'
STRIP='strip'
USE_MSVC_FALSE=''
USE_MSVC_TRUE='#'
USE_STATIC_FALSE='#'
USE_STATIC_TRUE=''
VALGRIND=''
VERSION='1.0.2'
ac_ct_CC='gcc'
ac_ct_CXX='g++'
ac_ct_DUMPBIN=''
am__fastdepCC_FALSE='#'
am__fastdepCC_TRUE=''
am__fastdepCXX_FALSE='#'
am__fastdepCXX_TRUE=''
am__include='include'
am__isrc=''
am__leading_dot='.'
am__quote=''
am__tar='${AMTAR} chof - "$$tardir"'
am__untar='${AMTAR} xf -'
bindir='${exec_prefix}/bin'
build='x86_64-unknown-linux-gnu'
build_alias=''
build_cpu='x86_64'
build_os='linux-gnu'
build_vendor='unknown'
datadir='${datarootdir}'
datarootdir='${prefix}/share'
docdir='${datarootdir}/doc/${PACKAGE}'
dvidir='${docdir}'
exec_prefix='${prefix}'
host='x86_64-unknown-linux-gnu'
host_alias=''
host_cpu='x86_64'
host_os='linux-gnu'
host_vendor='unknown'
htmldir='${docdir}'
includedir='${prefix}/include'
infodir='${datarootdir}/info'
install_sh='$(SHELL) /home/ubuntu/dirac-1.0.2/install-sh'
libdir='${exec_prefix}/lib'
libexecdir='${exec_prefix}/libexec'
localedir='${datarootdir}/locale'
localstatedir='${prefix}/var'
lt_ECHO='echo'
mandir='${datarootdir}/man'
mkdir_p='/bin/mkdir -p'
oldincludedir='/usr/include'
pdfdir='${docdir}'
prefix='/usr/local'
program_transform_name='s,x,x,'
psdir='${docdir}'
sbindir='${exec_prefix}/sbin'
sharedstatedir='${prefix}/com'
sysconfdir='${prefix}/etc'
target_alias=''

## ----------- ##
## confdefs.h. ##
## ----------- ##

/* confdefs.h */
#define PACKAGE_NAME ""
#define PACKAGE_TARNAME ""
#define PACKAGE_VERSION ""
#define PACKAGE_STRING ""
#define PACKAGE_BUGREPORT ""
#define PACKAGE_URL ""
#define STDC_HEADERS 1
#define HAVE_SYS_TYPES_H 1
#define HAVE_SYS_STAT_H 1
#define HAVE_STDLIB_H 1
#define HAVE_STRING_H 1
#define HAVE_MEMORY_H 1
#define HAVE_STRINGS_H 1
#define HAVE_INTTYPES_H 1
#define HAVE_STDINT_H 1
#define HAVE_UNISTD_H 1
#define HAVE_DLFCN_H 1
#define LT_OBJDIR ".libs/"
#define STDC_HEADERS 1
#define HAVE__BOOL 1
#define HAVE_STDBOOL_H 1

configure: exit 0

## ---------------------- ##
## Running config.status. ##
## ---------------------- ##

This file was extended by config.status, which was
generated by GNU Autoconf 2.68.  Invocation command line was

  CONFIG_FILES    = 
  CONFIG_HEADERS  = 
  CONFIG_LINKS    = 
  CONFIG_COMMANDS = 
  $ ./config.status 

on ip-10-72-219-174

config.status:1127: creating tests/Makefile
config.status:1127: creating tests/at_wrap
config.status:1127: creating Makefile
config.status:1127: creating dirac.pc
config.status:1127: creating doc/Makefile
config.status:1127: creating libdirac_byteio/Makefile
config.status:1127: creating libdirac_common/Makefile
config.status:1127: creating libdirac_motionest/Makefile
config.status:1127: creating libdirac_encoder/Makefile
config.status:1127: creating libdirac_decoder/Makefile
config.status:1127: creating encoder/Makefile
config.status:1127: creating decoder/Makefile
config.status:1127: creating unit_tests/Makefile
config.status:1127: creating util/Makefile
config.status:1127: creating util/conversion/Makefile
config.status:1127: creating util/conversion/common/Makefile
config.status:1127: creating util/instrumentation/Makefile
config.status:1127: creating util/instrumentation/libdirac_instrument/Makefile
config.status:1127: creating win32/Makefile
config.status:1127: creating win32/VisualStudio/Makefile
config.status:1299: executing depfiles commands
config.status:1299: executing libtool commands
config.status:1299: executing libdirac_common/dirac-stdint.h commands
config.status:2199: creating libdirac_common/dirac-stdint.h : _DIRAC_LIBDIRAC_COMMON_DIRAC_STDINT_H
config.status:2631: libdirac_common/dirac-stdint.h is unchanged
config.status:1299: executing tests/atconfig commands
